<?xml version="1.0" encoding="UTF-8" ?>

<testsuite failures="0" time="0.2" errors="0" skipped="0" tests="6" name="BasicTest">
  <testcase classname="BasicTest" name="aVeryImportantThingToTest" time="0.004">
      </testcase>
  <testcase classname="BasicTest" name="useTheCommentsRelation" time="0.023">
      </testcase>
  <testcase classname="BasicTest" name="tryConnectAsUser" time="0.009">
      </testcase>
  <testcase classname="BasicTest" name="createAndRetriveUser" time="0.009">
      </testcase>
  <testcase classname="BasicTest" name="fullTest" time="0.146">
      </testcase>
  <testcase classname="BasicTest" name="createPost" time="0.009">
      </testcase>
</testsuite>