<?xml version="1.0" encoding="UTF-8" ?>

<testsuite failures="0" time="0.318" errors="0" skipped="0" tests="6" name="BasicTest">
  <testcase classname="BasicTest" name="aVeryImportantThingToTest" time="0.004">
      </testcase>
  <testcase classname="BasicTest" name="useTheCommentsRelation" time="0.02">
      </testcase>
  <testcase classname="BasicTest" name="tryConnectAsUser" time="0.006">
      </testcase>
  <testcase classname="BasicTest" name="createAndRetriveUser" time="0.004">
      </testcase>
  <testcase classname="BasicTest" name="fullTest" time="0.277">
      </testcase>
  <testcase classname="BasicTest" name="createPost" time="0.007">
      </testcase>
</testsuite>